Mon Jan 30 20:28:35 UTC 2023
Start Regression test

Compile 001 elapsed time 461 seconds. -DAPP=ATM -DCCPP_SUITES=FV3_GFS_v16,FV3_GFS_v17_p8 -D32BIT=ON -DMPI=ON -DCMAKE_BUILD_TYPE=Release

baseline dir = /scratch1/NCEPDEV/nems/emc.nemspara/RT/NEMSfv3gfs/develop-20230120/INTEL/control_p8
working dir  = /scratch1/NCEPDEV/stmp2/Jun.Wang/FV3_RT/rt_288349/control_p8
Checking test 001 control_p8 results ....
 Comparing sfcf000.nc .........OK
 Comparing sfcf021.nc .........OK
 Comparing sfcf024.nc .........OK
 Comparing atmf000.nc .........OK
 Comparing atmf021.nc .........OK
 Comparing atmf024.nc .........OK
 Comparing GFSFLX.GrbF00 .........OK
 Comparing GFSFLX.GrbF21 .........OK
 Comparing GFSFLX.GrbF24 .........OK
 Comparing GFSPRS.GrbF00 .........OK
 Comparing GFSPRS.GrbF21 .........OK
 Comparing GFSPRS.GrbF24 .........OK
 Comparing RESTART/coupler.res ............MISSING file
 Comparing RESTART/fv_core.res.nc ............MISSING file
 Comparing RESTART/fv_core.res.tile1.nc ............MISSING file
 Comparing RESTART/fv_core.res.tile2.nc ............MISSING file
 Comparing RESTART/fv_core.res.tile3.nc ............MISSING file
 Comparing RESTART/fv_core.res.tile4.nc ............MISSING file
 Comparing RESTART/fv_core.res.tile5.nc ............MISSING file
 Comparing RESTART/fv_core.res.tile6.nc ............MISSING file
 Comparing RESTART/fv_srf_wnd.res.tile1.nc ............MISSING file
 Comparing RESTART/fv_srf_wnd.res.tile2.nc ............MISSING file
 Comparing RESTART/fv_srf_wnd.res.tile3.nc ............MISSING file
 Comparing RESTART/fv_srf_wnd.res.tile4.nc ............MISSING file
 Comparing RESTART/fv_srf_wnd.res.tile5.nc ............MISSING file
 Comparing RESTART/fv_srf_wnd.res.tile6.nc ............MISSING file
 Comparing RESTART/fv_tracer.res.tile1.nc ............MISSING file
 Comparing RESTART/fv_tracer.res.tile2.nc ............MISSING file
 Comparing RESTART/fv_tracer.res.tile3.nc ............MISSING file
 Comparing RESTART/fv_tracer.res.tile4.nc ............MISSING file
 Comparing RESTART/fv_tracer.res.tile5.nc ............MISSING file
 Comparing RESTART/fv_tracer.res.tile6.nc ............MISSING file
 Comparing RESTART/phy_data.tile1.nc ............MISSING file
 Comparing RESTART/phy_data.tile2.nc ............MISSING file
 Comparing RESTART/phy_data.tile3.nc ............MISSING file
 Comparing RESTART/phy_data.tile4.nc ............MISSING file
 Comparing RESTART/phy_data.tile5.nc ............MISSING file
 Comparing RESTART/phy_data.tile6.nc ............MISSING file
 Comparing RESTART/sfc_data.tile1.nc ............MISSING file
 Comparing RESTART/sfc_data.tile2.nc ............MISSING file
 Comparing RESTART/sfc_data.tile3.nc ............MISSING file
 Comparing RESTART/sfc_data.tile4.nc ............MISSING file
 Comparing RESTART/sfc_data.tile5.nc ............MISSING file
 Comparing RESTART/sfc_data.tile6.nc ............MISSING file

  0: The total amount of wall time                        = 164.328963
  0: The maximum resident set size (KB)                   = 1595196

Test 001 control_p8 FAIL

FAILED TESTS: 
Test control_p8 001 failed in check_result failed 

REGRESSION TEST FAILED
Mon Jan 30 20:42:12 UTC 2023
Elapsed time: 00h:13m:38s. Have a nice day!
